<?xml version="1.0" encoding="UTF-8"?>
<testsuites name="Mocha Tests" time="10.257" tests="5" failures="0">
  <testsuite name="Root Suite" timestamp="2021-06-18T15:53:04" tests="0" file="cypress\integration\examples\e2e.spec.js" failures="0" time="0">
  </testsuite>
  <testsuite name="e2e Test" timestamp="2021-06-18T15:53:04" tests="5" failures="0" time="10.257">
    <testcase name="e2e Test index page" time="4.45" classname="index page">
    </testcase>
    <testcase name="e2e Test report page" time="0.933" classname="report page">
    </testcase>
    <testcase name="e2e Test button page" time="1.359" classname="button page">
    </testcase>
    <testcase name="e2e Test rank page" time="1.947" classname="rank page">
    </testcase>
    <testcase name="e2e Test code page" time="1.568" classname="code page">
    </testcase>
  </testsuite>
</testsuites>